# JRE version: Java(TM) SE Runtime Environment (21.0.4+8) (build 21.0.4+8-LTS-274)
# Java VM: Java HotSpot(TM) 64-Bit Server VM (21.0.4+8-LTS-274, mixed mode, emulated-client, sharing, tiered, compressed oops, compressed class ptrs, g1 gc, windows-amd64)
GC Precious Log:
 CardTable entry size: 512
 Card Set container configuration: InlinePtr #cards 5 size 8 Array Of Cards #cards 12 size 40 Howl #buckets 4 coarsen threshold 1843 Howl Bitmap #cards 512 size 80 coarsen threshold 460 Card regions per heap region 1 cards per card region 2048
 CPUs: 12 total, 12 available
 Memory: 7814M
 Large Page Support: Disabled
 NUMA Support: Disabled
 Compressed Oops: Enabled (32-bit)
 Heap Region Size: 1M
 Heap Min Capacity: 8M
 Heap Initial Capacity: 124M
 Heap Max Capacity: 1954M
 Pre-touch: Disabled
 Parallel Workers: 10
 Concurrent Workers: 3
 Concurrent Refinement Workers: 10
 Periodic GC: Disabled
Heap:
 garbage-first heap   total 130048K, used 67843K [0x0000000085e00000, 0x0000000100000000)
  region size 1024K, 4 young (4096K), 4 survivors (4096K)
 Metaspace       used 70909K, committed 71680K, reserved 1114112K
  class space    used 10310K, committed 10624K, reserved 1048576K
GC Heap History (20 events):
Event: 5.737 GC heap after
{Heap after GC invocations=12 (full 0):
 garbage-first heap   total 66560K, used 28334K [0x0000000085e00000, 0x0000000100000000)
  region size 1024K, 2 young (2048K), 2 survivors (2048K)
 Metaspace       used 54732K, committed 55424K, reserved 1114112K
  class space    used 7563K, committed 7872K, reserved 1048576K
}
Event: 6.266 GC heap before
{Heap before GC invocations=12 (full 0):
 garbage-first heap   total 66560K, used 58030K [0x0000000085e00000, 0x0000000100000000)
  region size 1024K, 31 young (31744K), 2 survivors (2048K)
 Metaspace       used 59295K, committed 60032K, reserved 1114112K
  class space    used 8337K, committed 8640K, reserved 1048576K
}
Event: 6.270 GC heap after
{Heap after GC invocations=13 (full 0):
 garbage-first heap   total 66560K, used 29297K [0x0000000085e00000, 0x0000000100000000)
  region size 1024K, 3 young (3072K), 3 survivors (3072K)
 Metaspace       used 59295K, committed 60032K, reserved 1114112K
  class space    used 8337K, committed 8640K, reserved 1048576K
}
Event: 6.276 GC heap before
{Heap before GC invocations=13 (full 0):
 garbage-first heap   total 66560K, used 29297K [0x0000000085e00000, 0x0000000100000000)
  region size 1024K, 4 young (4096K), 3 survivors (3072K)
 Metaspace       used 59366K, committed 60096K, reserved 1114112K
  class space    used 8348K, committed 8704K, reserved 1048576K
}
Event: 6.279 GC heap after
{Heap after GC invocations=14 (full 0):
 garbage-first heap   total 66560K, used 29365K [0x0000000085e00000, 0x0000000100000000)
  region size 1024K, 2 young (2048K), 2 survivors (2048K)
 Metaspace       used 59366K, committed 60096K, reserved 1114112K
  class space    used 8348K, committed 8704K, reserved 1048576K
}
Event: 6.941 GC heap before
{Heap before GC invocations=15 (full 0):
 garbage-first heap   total 66560K, used 59061K [0x0000000085e00000, 0x0000000100000000)
  region size 1024K, 31 young (31744K), 2 survivors (2048K)
 Metaspace       used 64468K, committed 65216K, reserved 1114112K
  class space    used 9115K, committed 9472K, reserved 1048576K
}
Event: 6.944 GC heap after
{Heap after GC invocations=16 (full 0):
 garbage-first heap   total 66560K, used 31744K [0x0000000085e00000, 0x0000000100000000)
  region size 1024K, 4 young (4096K), 4 survivors (4096K)
 Metaspace       used 64468K, committed 65216K, reserved 1114112K
  class space    used 9115K, committed 9472K, reserved 1048576K
}
Event: 7.254 GC heap before
{Heap before GC invocations=16 (full 0):
 garbage-first heap   total 66560K, used 57344K [0x0000000085e00000, 0x0000000100000000)
  region size 1024K, 29 young (29696K), 4 survivors (4096K)
 Metaspace       used 68398K, committed 69120K, reserved 1114112K
  class space    used 9938K, committed 10240K, reserved 1048576K
}
Event: 7.259 GC heap after
{Heap after GC invocations=17 (full 0):
 garbage-first heap   total 66560K, used 33528K [0x0000000085e00000, 0x0000000100000000)
  region size 1024K, 3 young (3072K), 3 survivors (3072K)
 Metaspace       used 68398K, committed 69120K, reserved 1114112K
  class space    used 9938K, committed 10240K, reserved 1048576K
}
Event: 7.413 GC heap before
{Heap before GC invocations=17 (full 0):
 garbage-first heap   total 66560K, used 58104K [0x0000000085e00000, 0x0000000100000000)
  region size 1024K, 27 young (27648K), 3 survivors (3072K)
 Metaspace       used 70298K, committed 71040K, reserved 1114112K
  class space    used 10187K, committed 10496K, reserved 1048576K
}
Event: 7.416 GC heap after
{Heap after GC invocations=18 (full 0):
 garbage-first heap   total 66560K, used 34443K [0x0000000085e00000, 0x0000000100000000)
  region size 1024K, 4 young (4096K), 4 survivors (4096K)
 Metaspace       used 70298K, committed 71040K, reserved 1114112K
  class space    used 10187K, committed 10496K, reserved 1048576K
}
Event: 7.499 GC heap before
{Heap before GC invocations=19 (full 0):
 garbage-first heap   total 66560K, used 56971K [0x0000000085e00000, 0x0000000100000000)
  region size 1024K, 26 young (26624K), 4 survivors (4096K)
 Metaspace       used 70599K, committed 71360K, reserved 1114112K
  class space    used 10254K, committed 10560K, reserved 1048576K
}
Event: 7.504 GC heap after
{Heap after GC invocations=20 (full 0):
 garbage-first heap   total 79872K, used 39209K [0x0000000085e00000, 0x0000000100000000)
  region size 1024K, 4 young (4096K), 4 survivors (4096K)
 Metaspace       used 70599K, committed 71360K, reserved 1114112K
  class space    used 10254K, committed 10560K, reserved 1048576K
}
Event: 7.550 GC heap before
{Heap before GC invocations=20 (full 0):
 garbage-first heap   total 79872K, used 67881K [0x0000000085e00000, 0x0000000100000000)
  region size 1024K, 32 young (32768K), 4 survivors (4096K)
 Metaspace       used 70663K, committed 71424K, reserved 1114112K
  class space    used 10267K, committed 10624K, reserved 1048576K
}
Event: 7.558 GC heap after
{Heap after GC invocations=21 (full 0):
 garbage-first heap   total 82944K, used 48468K [0x0000000085e00000, 0x0000000100000000)
  region size 1024K, 4 young (4096K), 4 survivors (4096K)
 Metaspace       used 70663K, committed 71424K, reserved 1114112K
  class space    used 10267K, committed 10624K, reserved 1048576K
}
Event: 7.586 GC heap before
{Heap before GC invocations=21 (full 0):
 garbage-first heap   total 82944K, used 69972K [0x0000000085e00000, 0x0000000100000000)
  region size 1024K, 25 young (25600K), 4 survivors (4096K)
 Metaspace       used 70666K, committed 71424K, reserved 1114112K
  class space    used 10267K, committed 10624K, reserved 1048576K
}
Event: 7.591 GC heap after
{Heap after GC invocations=22 (full 0):
 garbage-first heap   total 82944K, used 54750K [0x0000000085e00000, 0x0000000100000000)
  region size 1024K, 4 young (4096K), 4 survivors (4096K)
 Metaspace       used 70666K, committed 71424K, reserved 1114112K
  class space    used 10267K, committed 10624K, reserved 1048576K
}
Event: 7.634 GC heap before
{Heap before GC invocations=23 (full 0):
 garbage-first heap   total 107520K, used 70110K [0x0000000085e00000, 0x0000000100000000)
  region size 1024K, 20 young (20480K), 4 survivors (4096K)
 Metaspace       used 70666K, committed 71424K, reserved 1114112K
  class space    used 10267K, committed 10624K, reserved 1048576K
}
Event: 7.641 GC heap after
{Heap after GC invocations=24 (full 0):
 garbage-first heap   total 107520K, used 61387K [0x0000000085e00000, 0x0000000100000000)
  region size 1024K, 3 young (3072K), 3 survivors (3072K)
 Metaspace       used 70666K, committed 71424K, reserved 1114112K
  class space    used 10267K, committed 10624K, reserved 1048576K
}
Event: 7.718 GC heap before
{Heap before GC invocations=24 (full 0):
 garbage-first heap   total 107520K, used 86987K [0x0000000085e00000, 0x0000000100000000)
  region size 1024K, 28 young (28672K), 3 survivors (3072K)
 Metaspace       used 70909K, committed 71680K, reserved 1114112K
  class space    used 10310K, committed 10624K, reserved 1048576K
}

